2023-04-30 15:52:21,578 INFO autoreload Watching for file changes with StatReloader
2023-04-30 15:52:39,188 INFO autoreload /Users/macbook/PycharmProjects/django_news/NewsPaper/NewsPaper/settings.py changed, reloading.
2023-04-30 15:52:39,488 INFO autoreload Watching for file changes with StatReloader
2023-04-30 15:52:41,732 ERROR exception Invalid HTTP_HOST header: '127.0.0.1:8000'. You may need to add '127.0.0.1' to ALLOWED_HOSTS.
Traceback (most recent call last):
  File "/Users/macbook/PycharmProjects/django_news/venv/lib/python3.11/site-packages/django/core/handlers/exception.py", line 56, in inner
    response = get_response(request)
               ^^^^^^^^^^^^^^^^^^^^^
  File "/Users/macbook/PycharmProjects/django_news/venv/lib/python3.11/site-packages/django/utils/deprecation.py", line 135, in __call__
    response = self.process_request(request)
               ^^^^^^^^^^^^^^^^^^^^^^^^^^^^^
  File "/Users/macbook/PycharmProjects/django_news/venv/lib/python3.11/site-packages/django/middleware/common.py", line 48, in process_request
    host = request.get_host()
           ^^^^^^^^^^^^^^^^^^
  File "/Users/macbook/PycharmProjects/django_news/venv/lib/python3.11/site-packages/django/http/request.py", line 152, in get_host
    raise DisallowedHost(msg)
django.core.exceptions.DisallowedHost: Invalid HTTP_HOST header: '127.0.0.1:8000'. You may need to add '127.0.0.1' to ALLOWED_HOSTS.
2023-04-30 15:52:41,777 WARNING log Bad Request: /
2023-04-30 15:57:16,809 INFO autoreload /Users/macbook/PycharmProjects/django_news/NewsPaper/NewsPaper/settings.py changed, reloading.
2023-04-30 16:00:03,160 INFO autoreload Watching for file changes with StatReloader
2023-04-30 16:00:39,457 INFO autoreload /Users/macbook/PycharmProjects/django_news/NewsPaper/NewsPaper/settings.py changed, reloading.
2023-04-30 16:00:39,824 INFO autoreload Watching for file changes with StatReloader
2023-04-30 16:00:56,380 INFO autoreload /Users/macbook/PycharmProjects/django_news/NewsPaper/NewsPaper/settings.py changed, reloading.
2023-04-30 16:00:56,752 INFO autoreload Watching for file changes with StatReloader
2023-04-30 16:04:11,158 INFO autoreload /Users/macbook/PycharmProjects/django_news/NewsPaper/NewsPaper/settings.py changed, reloading.
2023-04-30 16:04:11,585 INFO autoreload Watching for file changes with StatReloader
2023-04-30 16:08:21,109 INFO autoreload /Users/macbook/PycharmProjects/django_news/NewsPaper/NewsPaper/settings.py changed, reloading.
2023-04-30 16:08:21,544 INFO autoreload Watching for file changes with StatReloader
2023-04-30 16:08:39,239 INFO autoreload /Users/macbook/PycharmProjects/django_news/NewsPaper/NewsPaper/settings.py changed, reloading.
